# JRE version: Java(TM) SE Runtime Environment (19.0.2+7) (build 19.0.2+7-44)
# Java VM: Java HotSpot(TM) 64-Bit Server VM (19.0.2+7-44, mixed mode, emulated-client, sharing, tiered, compressed oops, compressed class ptrs, g1 gc, windows-amd64)
GC Precious Log:
 CardTable entry size: 512
 Card Set container configuration: InlinePtr #cards 5 size 8 Array Of Cards #cards 12 size 40 Howl #buckets 4 coarsen threshold 1843 Howl Bitmap #cards 512 size 80 coarsen threshold 460 Card regions per heap region 1 cards per card region 2048
 CPUs: 4 total, 4 available
 Memory: 7592M
 Large Page Support: Disabled
 NUMA Support: Disabled
 Compressed Oops: Enabled (32-bit)
 Heap Region Size: 1M
 Heap Min Capacity: 8M
 Heap Initial Capacity: 120M
 Heap Max Capacity: 1900M
 Pre-touch: Disabled
 Parallel Workers: 4
 Concurrent Workers: 1
 Concurrent Refinement Workers: 4
 Periodic GC: Disabled
Heap:
 garbage-first heap   total 307200K, used 220613K [0x0000000089400000, 0x0000000100000000)
  region size 1024K, 1 young (1024K), 1 survivors (1024K)
 Metaspace       used 76477K, committed 77120K, reserved 1179648K
  class space    used 10537K, committed 10816K, reserved 1048576K
GC Heap History (20 events):
Event: 56.513 GC heap after
{Heap after GC invocations=27 (full 0):
 garbage-first heap   total 302080K, used 97454K [0x0000000089400000, 0x0000000100000000)
  region size 1024K, 1 young (1024K), 1 survivors (1024K)
 Metaspace       used 70639K, committed 71808K, reserved 1114112K
  class space    used 9880K, committed 10304K, reserved 1048576K
}
Event: 57.120 GC heap before
{Heap before GC invocations=27 (full 0):
 garbage-first heap   total 302080K, used 171182K [0x0000000089400000, 0x0000000100000000)
  region size 1024K, 75 young (76800K), 1 survivors (1024K)
 Metaspace       used 70794K, committed 71872K, reserved 1114112K
  class space    used 9897K, committed 10304K, reserved 1048576K
}
Event: 57.123 GC heap after
{Heap after GC invocations=28 (full 0):
 garbage-first heap   total 302080K, used 94348K [0x0000000089400000, 0x0000000100000000)
  region size 1024K, 1 young (1024K), 1 survivors (1024K)
 Metaspace       used 70794K, committed 71872K, reserved 1114112K
  class space    used 9897K, committed 10304K, reserved 1048576K
}
Event: 224.238 GC heap before
{Heap before GC invocations=29 (full 0):
 garbage-first heap   total 302080K, used 300172K [0x0000000089400000, 0x0000000100000000)
  region size 1024K, 82 young (83968K), 1 survivors (1024K)
 Metaspace       used 71160K, committed 72064K, reserved 1114112K
  class space    used 9939K, committed 10304K, reserved 1048576K
}
Event: 224.287 GC heap after
{Heap after GC invocations=30 (full 0):
 garbage-first heap   total 303104K, used 98070K [0x0000000089400000, 0x0000000100000000)
  region size 1024K, 1 young (1024K), 1 survivors (1024K)
 Metaspace       used 71160K, committed 72064K, reserved 1114112K
  class space    used 9939K, committed 10304K, reserved 1048576K
}
Event: 224.380 GC heap before
{Heap before GC invocations=30 (full 0):
 garbage-first heap   total 303104K, used 110358K [0x0000000089400000, 0x0000000100000000)
  region size 1024K, 14 young (14336K), 1 survivors (1024K)
 Metaspace       used 71160K, committed 72064K, reserved 1114112K
  class space    used 9939K, committed 10304K, reserved 1048576K
}
Event: 224.436 GC heap after
{Heap after GC invocations=31 (full 0):
 garbage-first heap   total 303104K, used 97417K [0x0000000089400000, 0x0000000100000000)
  region size 1024K, 1 young (1024K), 1 survivors (1024K)
 Metaspace       used 71160K, committed 72064K, reserved 1114112K
  class space    used 9939K, committed 10304K, reserved 1048576K
}
Event: 225.321 GC heap before
{Heap before GC invocations=31 (full 0):
 garbage-first heap   total 303104K, used 243849K [0x0000000089400000, 0x0000000100000000)
  region size 1024K, 145 young (148480K), 1 survivors (1024K)
 Metaspace       used 71160K, committed 72064K, reserved 1114112K
  class space    used 9939K, committed 10304K, reserved 1048576K
}
Event: 225.332 GC heap after
{Heap after GC invocations=32 (full 0):
 garbage-first heap   total 303104K, used 97471K [0x0000000089400000, 0x0000000100000000)
  region size 1024K, 1 young (1024K), 1 survivors (1024K)
 Metaspace       used 71160K, committed 72064K, reserved 1114112K
  class space    used 9939K, committed 10304K, reserved 1048576K
}
Event: 810.247 GC heap before
{Heap before GC invocations=33 (full 0):
 garbage-first heap   total 303104K, used 301247K [0x0000000089400000, 0x0000000100000000)
  region size 1024K, 78 young (79872K), 1 survivors (1024K)
 Metaspace       used 76536K, committed 77120K, reserved 1179648K
  class space    used 10552K, committed 10816K, reserved 1048576K
}
Event: 810.299 GC heap after
{Heap after GC invocations=34 (full 0):
 garbage-first heap   total 306176K, used 98614K [0x0000000089400000, 0x0000000100000000)
  region size 1024K, 3 young (3072K), 3 survivors (3072K)
 Metaspace       used 76536K, committed 77120K, reserved 1179648K
  class space    used 10552K, committed 10816K, reserved 1048576K
}
Event: 810.370 GC heap before
{Heap before GC invocations=34 (full 0):
 garbage-first heap   total 306176K, used 108854K [0x0000000089400000, 0x0000000100000000)
  region size 1024K, 14 young (14336K), 3 survivors (3072K)
 Metaspace       used 76536K, committed 77120K, reserved 1179648K
  class space    used 10552K, committed 10816K, reserved 1048576K
}
Event: 810.413 GC heap after
{Heap after GC invocations=35 (full 0):
 garbage-first heap   total 306176K, used 98199K [0x0000000089400000, 0x0000000100000000)
  region size 1024K, 1 young (1024K), 1 survivors (1024K)
 Metaspace       used 76536K, committed 77120K, reserved 1179648K
  class space    used 10552K, committed 10816K, reserved 1048576K
}
Event: 812.948 GC heap before
{Heap before GC invocations=35 (full 0):
 garbage-first heap   total 306176K, used 253847K [0x0000000089400000, 0x0000000100000000)
  region size 1024K, 154 young (157696K), 1 survivors (1024K)
 Metaspace       used 76536K, committed 77120K, reserved 1179648K
  class space    used 10552K, committed 10816K, reserved 1048576K
}
Event: 812.960 GC heap after
{Heap after GC invocations=36 (full 0):
 garbage-first heap   total 306176K, used 98179K [0x0000000089400000, 0x0000000100000000)
  region size 1024K, 1 young (1024K), 1 survivors (1024K)
 Metaspace       used 76536K, committed 77120K, reserved 1179648K
  class space    used 10552K, committed 10816K, reserved 1048576K
}
Event: 858.494 GC heap before
{Heap before GC invocations=37 (full 0):
 garbage-first heap   total 306176K, used 304003K [0x0000000089400000, 0x0000000100000000)
  region size 1024K, 82 young (83968K), 1 survivors (1024K)
 Metaspace       used 76477K, committed 77120K, reserved 1179648K
  class space    used 10537K, committed 10816K, reserved 1048576K
}
Event: 858.501 GC heap after
{Heap after GC invocations=38 (full 0):
 garbage-first heap   total 307200K, used 221295K [0x0000000089400000, 0x0000000100000000)
  region size 1024K, 1 young (1024K), 1 survivors (1024K)
 Metaspace       used 76477K, committed 77120K, reserved 1179648K
  class space    used 10537K, committed 10816K, reserved 1048576K
}
Event: 858.569 GC heap before
{Heap before GC invocations=38 (full 0):
 garbage-first heap   total 307200K, used 234607K [0x0000000089400000, 0x0000000100000000)
  region size 1024K, 15 young (15360K), 1 survivors (1024K)
 Metaspace       used 76477K, committed 77120K, reserved 1179648K
  class space    used 10537K, committed 10816K, reserved 1048576K
}
Event: 858.589 GC heap after
{Heap after GC invocations=39 (full 0):
 garbage-first heap   total 307200K, used 220603K [0x0000000089400000, 0x0000000100000000)
  region size 1024K, 1 young (1024K), 1 survivors (1024K)
 Metaspace       used 76477K, committed 77120K, reserved 1179648K
  class space    used 10537K, committed 10816K, reserved 1048576K
}
Event: 858.841 GC heap before
{Heap before GC invocations=39 (full 0):
 garbage-first heap   total 307200K, used 271803K [0x0000000089400000, 0x0000000100000000)
  region size 1024K, 52 young (53248K), 1 survivors (1024K)
 Metaspace       used 76477K, committed 77120K, reserved 1179648K
  class space    used 10537K, committed 10816K, reserved 1048576K
}

